Wed Feb 9 09:50:05 PST 2011
Wed Feb 9 09:50:15 PST 2011
Moved to trash: hdfs://nblogin2:55310/user/dfgleic/colsums-output.vseq
packageJobJar: [/home/dfgleic/publications/tsqr/cxx/colsums, /scratch1/hadoop-datastore/hadoop-mrhadoop/hadoop-unjar501698960691270021/] [] /tmp/streamjob2112138460410906537.jar tmpDir=null



Column sums of tsqr-mr/test/mat-500g-50.mseq
Total time: 129



Moved to trash: hdfs://nblogin2:55310/user/dfgleic/colsums-output.vseq
packageJobJar: [/home/dfgleic/publications/tsqr/cxx/colsums, /scratch1/hadoop-datastore/hadoop-mrhadoop/hadoop-unjar9000656334041408708/] [] /tmp/streamjob5151458084310404568.jar tmpDir=null



Column sums of tsqr-mr/test/mat-500g-100.mseq
Total time: 163



Moved to trash: hdfs://nblogin2:55310/user/dfgleic/colsums-output.vseq
packageJobJar: [/home/dfgleic/publications/tsqr/cxx/colsums, /scratch1/hadoop-datastore/hadoop-mrhadoop/hadoop-unjar1650488867709813019/] [] /tmp/streamjob2804438277017664604.jar tmpDir=null



Column sums of tsqr-mr/test/mat-500g-500.mseq
Total time: 128



Moved to trash: hdfs://nblogin2:55310/user/dfgleic/colsums-output.vseq
packageJobJar: [/home/dfgleic/publications/tsqr/cxx/colsums, /scratch1/hadoop-datastore/hadoop-mrhadoop/hadoop-unjar7656710857778731096/] [] /tmp/streamjob3880509070174014605.jar tmpDir=null



Column sums of tsqr-mr/test/mat-500g-1000.mseq
Total time: 127



Wed Feb 9 10:24:12 PST 2011
Moved to trash: hdfs://nblogin2:55310/user/dfgleic/colsums-output.vseq
packageJobJar: [/home/dfgleic/publications/tsqr/cxx/colsums, /scratch1/hadoop-datastore/hadoop-mrhadoop/hadoop-unjar1671185859096443466/] [] /tmp/streamjob1516703927935890936.jar tmpDir=null



Column sums of tsqr-mr/test/mat-500g-50.mseq
Total time: 143



Moved to trash: hdfs://nblogin2:55310/user/dfgleic/colsums-output.vseq
packageJobJar: [/home/dfgleic/publications/tsqr/cxx/colsums, /scratch1/hadoop-datastore/hadoop-mrhadoop/hadoop-unjar7689132790822171635/] [] /tmp/streamjob916098775440035674.jar tmpDir=null



Column sums of tsqr-mr/test/mat-500g-100.mseq
Total time: 162



Moved to trash: hdfs://nblogin2:55310/user/dfgleic/colsums-output.vseq
packageJobJar: [/home/dfgleic/publications/tsqr/cxx/colsums, /scratch1/hadoop-datastore/hadoop-mrhadoop/hadoop-unjar2934726716589399904/] [] /tmp/streamjob8931363038964723867.jar tmpDir=null



Column sums of tsqr-mr/test/mat-500g-500.mseq
Total time: 131



Moved to trash: hdfs://nblogin2:55310/user/dfgleic/colsums-output.vseq
packageJobJar: [/home/dfgleic/publications/tsqr/cxx/colsums, /scratch1/hadoop-datastore/hadoop-mrhadoop/hadoop-unjar5441343267889323602/] [] /tmp/streamjob3035991251610360819.jar tmpDir=null



Column sums of tsqr-mr/test/mat-500g-1000.mseq
Total time: 119



Wed Feb 9 11:01:11 PST 2011
Moved to trash: hdfs://nblogin2:55310/user/dfgleic/colsums-output.vseq
packageJobJar: [/home/dfgleic/publications/tsqr/cxx/colsums, /scratch1/hadoop-datastore/hadoop-mrhadoop/hadoop-unjar3414760058212681528/] [] /tmp/streamjob6051995162109623697.jar tmpDir=null



Column sums of tsqr-mr/test/mat-500g-50.mseq
Total time: 145



Moved to trash: hdfs://nblogin2:55310/user/dfgleic/colsums-output.vseq
packageJobJar: [/home/dfgleic/publications/tsqr/cxx/colsums, /scratch1/hadoop-datastore/hadoop-mrhadoop/hadoop-unjar2685483584807392980/] [] /tmp/streamjob8473657722387193606.jar tmpDir=null



Column sums of tsqr-mr/test/mat-500g-100.mseq
Total time: 161



Moved to trash: hdfs://nblogin2:55310/user/dfgleic/colsums-output.vseq
packageJobJar: [/home/dfgleic/publications/tsqr/cxx/colsums, /scratch1/hadoop-datastore/hadoop-mrhadoop/hadoop-unjar3470513123008021068/] [] /tmp/streamjob4636289569148596538.jar tmpDir=null



Column sums of tsqr-mr/test/mat-500g-500.mseq
Total time: 127



Moved to trash: hdfs://nblogin2:55310/user/dfgleic/colsums-output.vseq
packageJobJar: [/home/dfgleic/publications/tsqr/cxx/colsums, /scratch1/hadoop-datastore/hadoop-mrhadoop/hadoop-unjar6459052066455365532/] [] /tmp/streamjob3767995823840579616.jar tmpDir=null



Column sums of tsqr-mr/test/mat-500g-1000.mseq
Total time: 122



